2019-06-15 00:00:00 Ordre_courant
2019-06-15 00:00:00 : Ordre d'achat place  2019-06-15T00:00:00 AAPL 4998.108406
2019-08-07 00:00:00 : Ordre de vente place   2019-08-07T00:00:00 AAPL 5098.826896 
2019-08-08 00:00:00 Ordre execute de AAPL pour 5094.82689621628
2019-08-12 00:00:00 : Ordre d'achat place  2019-08-12T00:00:00 AAPL 5083.234002
2019-10-03 00:00:00 : Ordre de vente place   2019-10-03T00:00:00 AAPL 5032.485243 
2020-02-25 00:00:00 : Ordre de vente place   2020-02-25T00:00:00 AAPL 7704.806162 
2020-02-26 00:00:00 Ordre execute de AAPL pour 7700.80616233599
2020-03-05 00:00:00 : Ordre d'achat place  2020-03-05T00:00:00 AAPL 7709.898600
2019-10-04 00:00:00 Ordre execute de AAPL pour 5028.485243126993
2019-10-04 00:00:00 : Ordre d'achat place  2019-10-04T00:00:00 AAPL 5034.434014
2020-03-11 00:00:00 : Ordre de vente place   2020-03-11T00:00:00 AAPL 7236.902453 
2020-03-12 00:00:00 Ordre execute de AAPL pour 7232.902453042021
2020-03-26 00:00:00 : Ordre d'achat place  2020-03-26T00:00:00 AAPL 7212.926169
2020-04-05 00:00:00 : Ordre de vente place   2020-04-05T00:00:00 AAPL 7104.083372 
2020-04-06 00:00:00 Ordre execute de AAPL pour 7100.083372280358
2020-04-08 00:00:00 : Ordre d'achat place  2020-04-08T00:00:00 AAPL 7110.943642
2020-04-24 00:00:00 : Ordre de vente place   2020-04-24T00:00:00 AAPL 7502.298294 
2020-04-25 00:00:00 Ordre execute de AAPL pour 7498.298294327003
2020-04-27 00:00:00 : Ordre d'achat place  2020-04-27T00:00:00 AAPL 7489.373996
2019-10-05 00:00:00 : Ordre de vente place   2019-10-05T00:00:00 AAPL 5034.434014 
2020-07-27 00:00:00 : Ordre de vente place   2020-07-27T00:00:00 AAPL 9989.058986 
2020-07-28 00:00:00 Ordre execute de AAPL pour 9985.058986195982
2020-07-31 00:00:00 : Ordre d'achat place  2020-07-31T00:00:00 AAPL 9960.919300
2020-09-07 00:00:00 : Ordre de vente place   2020-09-07T00:00:00 AAPL 11645.662570 
2020-09-08 00:00:00 Ordre execute de AAPL pour 11641.662569626938
2020-09-17 00:00:00 : Ordre d'achat place  2020-09-17T00:00:00 AAPL 11609.245581
2020-09-19 00:00:00 : Ordre de vente place   2020-09-19T00:00:00 AAPL 11681.194757 
2020-09-20 00:00:00 Ordre execute de AAPL pour 11677.194756833649
2020-09-27 00:00:00 : Ordre d'achat place  2020-09-27T00:00:00 AAPL 11685.210943
2020-10-23 00:00:00 : Ordre de vente place   2020-10-23T00:00:00 AAPL 12543.039287 
2020-10-24 00:00:00 Ordre execute de AAPL pour 12539.039287256168
2020-10-29 00:00:00 : Ordre d'achat place  2020-10-29T00:00:00 AAPL 12550.170966
2020-10-31 00:00:00 : Ordre de vente place   2020-10-31T00:00:00 AAPL 12403.862395 
2020-11-01 00:00:00 Ordre execute de AAPL pour 12399.862395116217
2020-11-06 00:00:00 : Ordre d'achat place  2020-11-06T00:00:00 AAPL 12424.674063
2019-10-06 00:00:00 Ordre execute de AAPL pour 5030.434014241937
2020-11-27 00:00:00 : Ordre de vente place   2020-11-27T00:00:00 AAPL 12240.908548 
2020-11-28 00:00:00 Ordre execute de AAPL pour 12236.908547962363
2020-11-30 00:00:00 : Ordre d'achat place  2020-11-30T00:00:00 AAPL 12282.911950
2021-01-07 00:00:00 : Ordre de vente place   2021-01-07T00:00:00 AAPL 13478.965945 
2021-01-08 00:00:00 Ordre execute de AAPL pour 13474.965944586489
2021-01-11 00:00:00 : Ordre d'achat place  2021-01-11T00:00:00 AAPL 13439.338030
2021-02-02 00:00:00 : Ordre de vente place   2021-02-02T00:00:00 AAPL 14119.677869 
2021-02-03 00:00:00 Ordre execute de AAPL pour 14115.677869207173
2021-02-06 00:00:00 : Ordre d'achat place  2021-02-06T00:00:00 AAPL 14174.556572
2021-02-20 00:00:00 : Ordre de vente place   2021-02-20T00:00:00 AAPL 13440.803272 
2021-02-21 00:00:00 Ordre execute de AAPL pour 13436.803272426145
2021-03-03 00:00:00 : Ordre d'achat place  2021-03-03T00:00:00 AAPL 13371.107809
2021-03-09 00:00:00 : Ordre de vente place   2021-03-09T00:00:00 AAPL 12751.888141 
2021-03-10 00:00:00 Ordre execute de AAPL pour 12747.888140589877
2019-10-07 00:00:00 : Ordre d'achat place  2019-10-07T00:00:00 AAPL 5048.489875
2021-03-12 00:00:00 : Ordre d'achat place  2021-03-12T00:00:00 AAPL 12780.321099
2021-05-05 00:00:00 : Ordre de vente place   2021-05-05T00:00:00 AAPL 13714.433437 
2021-05-06 00:00:00 Ordre execute de AAPL pour 13710.433437409052
2021-05-10 00:00:00 : Ordre d'achat place  2021-05-10T00:00:00 AAPL 13760.056151
2021-05-14 00:00:00 : Ordre de vente place   2021-05-14T00:00:00 AAPL 13424.055367 
2021-05-15 00:00:00 Ordre execute de AAPL pour 13420.055367196874
2021-05-18 00:00:00 : Ordre d'achat place  2021-05-18T00:00:00 AAPL 13332.414096
2021-07-24 00:00:00 : Ordre de vente place   2021-07-24T00:00:00 AAPL 15543.598260 
2021-07-25 00:00:00 Ordre execute de AAPL pour 15539.598260353108
2021-07-25 00:00:00 : Ordre d'achat place  2021-07-25T00:00:00 AAPL 15543.598260
2021-08-02 00:00:00 : Ordre de vente place   2021-08-02T00:00:00 AAPL 15418.237502 
2021-08-03 00:00:00 Ordre execute de AAPL pour 15414.237501525402
2021-08-03 00:00:00 : Ordre d'achat place  2021-08-03T00:00:00 AAPL 15503.851135
2019-10-08 00:00:00 : Ordre de vente place   2019-10-08T00:00:00 AAPL 5038.449220 
2021-09-16 00:00:00 : Ordre de vente place   2021-09-16T00:00:00 AAPL 15807.148712 
2021-09-17 00:00:00 Ordre execute de AAPL pour 15803.148711685684
2021-09-26 00:00:00 : Ordre d'achat place  2021-09-26T00:00:00 AAPL 15798.351702
2021-10-03 00:00:00 : Ordre de vente place   2021-10-03T00:00:00 AAPL 15390.541693 
2021-10-04 00:00:00 Ordre execute de AAPL pour 15386.541693158219
2021-10-04 00:00:00 : Ordre d'achat place  2021-10-04T00:00:00 AAPL 15375.356562
2021-12-20 00:00:00 : Ordre de vente place   2021-12-20T00:00:00 AAPL 18278.365259 
2021-12-21 00:00:00 Ordre execute de AAPL pour 18274.365259342532
2021-12-24 00:00:00 : Ordre d'achat place  2021-12-24T00:00:00 AAPL 18232.399965
2019-10-09 00:00:00 Ordre execute de AAPL pour 5034.449219728321
2022-01-10 00:00:00 : Ordre de vente place   2022-01-10T00:00:00 AAPL 17530.475898 
2022-01-11 00:00:00 Ordre execute de AAPL pour 17526.47589793272
2022-01-14 00:00:00 : Ordre d'achat place  2022-01-14T00:00:00 AAPL 17595.607359
2022-01-22 00:00:00 : Ordre de vente place   2022-01-22T00:00:00 AAPL 16884.963895 
2022-01-23 00:00:00 Ordre execute de AAPL pour 16880.963895262576
2022-01-30 00:00:00 : Ordre d'achat place  2022-01-30T00:00:00 AAPL 16853.810171
2022-02-25 00:00:00 : Ordre de vente place   2022-02-25T00:00:00 AAPL 16684.849358 
2022-02-26 00:00:00 Ordre execute de AAPL pour 16680.849358115556
2022-03-02 00:00:00 : Ordre d'achat place  2022-03-02T00:00:00 AAPL 16578.328816
2022-03-11 00:00:00 : Ordre de vente place   2022-03-11T00:00:00 AAPL 16027.697886 
2022-03-12 00:00:00 Ordre execute de AAPL pour 16023.697886059897
2022-03-20 00:00:00 : Ordre d'achat place  2022-03-20T00:00:00 AAPL 16187.040759
2022-04-12 00:00:00 : Ordre de vente place   2022-04-12T00:00:00 AAPL 16944.403594 
2022-04-13 00:00:00 Ordre execute de AAPL pour 16940.403594054293
2022-04-16 00:00:00 : Ordre d'achat place  2022-04-16T00:00:00 AAPL 16869.223533
2022-04-28 00:00:00 : Ordre de vente place   2022-04-28T00:00:00 AAPL 15745.069350 
2022-04-29 00:00:00 Ordre execute de AAPL pour 15741.069349909752
2022-05-03 00:00:00 : Ordre d'achat place  2022-05-03T00:00:00 AAPL 15792.674184
2022-05-11 00:00:00 : Ordre de vente place   2022-05-11T00:00:00 AAPL 15350.852026 
2022-05-12 00:00:00 Ordre execute de AAPL pour 15346.852025992226
2022-05-21 00:00:00 : Ordre d'achat place  2022-05-21T00:00:00 AAPL 15286.976184
2022-05-23 00:00:00 : Ordre de vente place   2022-05-23T00:00:00 AAPL 15144.098113 
2022-05-24 00:00:00 Ordre execute de AAPL pour 15140.098112946594
2022-05-28 00:00:00 : Ordre d'achat place  2022-05-28T00:00:00 AAPL 15115.642672
2022-06-12 00:00:00 : Ordre de vente place   2022-06-12T00:00:00 AAPL 14584.376707 
2022-06-13 00:00:00 Ordre execute de AAPL pour 14580.376707325162
2022-06-23 00:00:00 : Ordre d'achat place  2022-06-23T00:00:00 AAPL 14631.070992
2022-07-04 00:00:00 : Ordre de vente place   2022-07-04T00:00:00 AAPL 14547.660318 
2022-07-05 00:00:00 Ordre execute de AAPL pour 14543.660317728232
 5028.048032
2022-07-07 00:00:00 : Ordre d'achat place  2022-07-07T00:00:00 AAPL 14613.553321
2022-08-26 00:00:00 : Ordre de vente place   2022-08-26T00:00:00 AAPL 17419.891994 
2022-08-27 00:00:00 Ordre execute de AAPL pour 17415.89199410987
2022-08-29 00:00:00 : Ordre d'achat place  2022-08-29T00:00:00 AAPL 17416.561548
2022-09-01 00:00:00 : Ordre de vente place   2022-09-01T00:00:00 AAPL 16929.136953 
2022-09-02 00:00:00 Ordre execute de AAPL pour 16925.136952642217
2022-09-07 00:00:00 : Ordre d'achat place  2022-09-07T00:00:00 AAPL 16885.943054
2022-09-11 00:00:00 : Ordre de vente place   2022-09-11T00:00:00 AAPL 16956.839611 
2022-09-12 00:00:00 Ordre execute de AAPL pour 16952.83961071281
2022-09-13 00:00:00 : Ordre d'achat place  2022-09-13T00:00:00 AAPL 16964.375149
2022-09-19 00:00:00 : Ordre de vente place   2022-09-19T00:00:00 AAPL 15840.840990 
2022-09-20 00:00:00 Ordre execute de AAPL pour 15836.840989958893
2022-09-23 00:00:00 : Ordre d'achat place  2022-09-23T00:00:00 AAPL 15740.480044
2022-09-30 00:00:00 : Ordre de vente place   2022-09-30T00:00:00 AAPL 14708.743374 
2022-10-01 00:00:00 Ordre execute de AAPL pour 14704.743374141586
2019-10-12 00:00:00 : Ordre de vente place   2019-10-12T00:00:00 AAPL 5028.048032 
2022-10-08 00:00:00 : Ordre d'achat place  2022-10-08T00:00:00 AAPL 14839.924089
2022-10-14 00:00:00 : Ordre de vente place   2022-10-14T00:00:00 AAPL 15024.198200 
2022-10-15 00:00:00 Ordre execute de AAPL pour 15020.198200179504
2022-10-16 00:00:00 : Ordre d'achat place  2022-10-16T00:00:00 AAPL 15024.198200
2022-11-06 00:00:00 : Ordre de vente place   2022-11-06T00:00:00 AAPL 14817.612941 
2022-11-07 00:00:00 Ordre execute de AAPL pour 14813.612940520774
2022-11-12 00:00:00 : Ordre d'achat place  2022-11-12T00:00:00 AAPL 14772.117982
2022-11-30 00:00:00 : Ordre de vente place   2022-11-30T00:00:00 AAPL 14324.352371 
2022-12-01 00:00:00 Ordre execute de AAPL pour 14320.35237109619
2022-12-04 00:00:00 : Ordre d'achat place  2022-12-04T00:00:00 AAPL 14351.410080
2022-12-11 00:00:00 : Ordre de vente place   2022-12-11T00:00:00 AAPL 13995.473142 
2022-12-12 00:00:00 Ordre execute de AAPL pour 13991.473141981
2022-12-14 00:00:00 : Ordre d'achat place  2022-12-14T00:00:00 AAPL 14002.713883
2022-12-19 00:00:00 : Ordre de vente place   2022-12-19T00:00:00 AAPL 13016.213097 
2022-12-20 00:00:00 Ordre execute de AAPL pour 13012.213097027072
2019-10-13 00:00:00 Ordre execute de AAPL pour 5024.048032404847
2022-12-29 00:00:00 : Ordre d'achat place  2022-12-29T00:00:00 AAPL 12965.869364
2023-02-26 00:00:00 : Ordre de vente place   2023-02-26T00:00:00 AAPL 14925.550957 
2023-02-27 00:00:00 Ordre execute de AAPL pour 14921.550956849978
2023-03-02 00:00:00 : Ordre d'achat place  2023-03-02T00:00:00 AAPL 14935.797706
2019-10-14 00:00:00 : Ordre d'achat place  2019-10-14T00:00:00 AAPL 5013.169479
2023-08-06 00:00:00 : Ordre de vente place   2023-08-06T00:00:00 AAPL 19218.187906 
2023-08-07 00:00:00 Ordre execute de AAPL pour 19214.187905818537
2023-08-16 00:00:00 : Ordre d'achat place  2023-08-16T00:00:00 AAPL 19257.194463
2023-08-21 00:00:00 : Ordre de vente place   2023-08-21T00:00:00 AAPL 19033.236213 
2023-08-22 00:00:00 Ordre execute de AAPL pour 19029.236212842494
2023-08-24 00:00:00 : Ordre d'achat place  2023-08-24T00:00:00 AAPL 18921.246851
2023-09-09 00:00:00 : Ordre de vente place   2023-09-09T00:00:00 AAPL 18678.277157 
2023-09-10 00:00:00 Ordre execute de AAPL pour 18674.2771565598
2023-09-16 00:00:00 : Ordre d'achat place  2023-09-16T00:00:00 AAPL 18658.457905
2023-10-21 00:00:00 : Ordre de vente place   2023-10-21T00:00:00 AAPL 18534.758588 
2023-10-22 00:00:00 Ordre execute de AAPL pour 18530.758587690427
2019-10-15 00:00:00 : Ordre de vente place   2019-10-15T00:00:00 AAPL 5044.967574 
2023-10-25 00:00:00 : Ordre d'achat place  2023-10-25T00:00:00 AAPL 18686.425849
2023-10-28 00:00:00 : Ordre de vente place   2023-10-28T00:00:00 AAPL 18146.097046 
2023-10-29 00:00:00 Ordre execute de AAPL pour 18142.097045675873
2023-11-02 00:00:00 : Ordre d'achat place  2023-11-02T00:00:00 AAPL 18031.764031
2024-01-05 00:00:00 : Ordre de vente place   2024-01-05T00:00:00 AAPL 18721.081953 
2024-01-06 00:00:00 Ordre execute de AAPL pour 18717.081953225512
2024-01-11 00:00:00 : Ordre d'achat place  2024-01-11T00:00:00 AAPL 18816.529412
2019-10-16 00:00:00 Ordre execute de AAPL pour 5040.967574400842
2019-10-16 00:00:00 : Ordre d'achat place  2019-10-16T00:00:00 AAPL 5037.113307
2019-10-17 00:00:00 : Ordre de vente place   2019-10-17T00:00:00 AAPL 5074.238046 
2019-10-18 00:00:00 Ordre execute de AAPL pour 5070.238046095034
2019-10-19 00:00:00 : Ordre d'achat place  2019-10-19T00:00:00 AAPL 5120.338545
2019-10-21 00:00:00 : Ordre de vente place   2019-10-21T00:00:00 AAPL 5184.290076 
2019-10-22 00:00:00 Ordre execute de AAPL pour 5180.290075954811
2019-10-24 00:00:00 : Ordre d'achat place  2019-10-24T00:00:00 AAPL 5158.964299
2019-10-26 00:00:00 : Ordre de vente place   2019-10-26T00:00:00 AAPL 5130.481530 
2019-10-27 00:00:00 Ordre execute de AAPL pour 5126.481529609977
2019-10-28 00:00:00 : Ordre d'achat place  2019-10-28T00:00:00 AAPL 5100.354854
2019-10-29 00:00:00 : Ordre de vente place   2019-10-29T00:00:00 AAPL 5132.307461 
2019-10-30 00:00:00 Ordre execute de AAPL pour 5128.307461093035
2019-10-30 00:00:00 : Ordre d'achat place  2019-10-30T00:00:00 AAPL 5164.239591
2019-10-31 00:00:00 : Ordre de vente place   2019-10-31T00:00:00 AAPL 5216.566262 
2019-11-01 00:00:00 Ordre execute de AAPL pour 5212.566262298887
2019-11-01 00:00:00 : Ordre d'achat place  2019-11-01T00:00:00 AAPL 5204.575646
